[2021-12-06 03:21:58,493] {taskinstance.py:1035} INFO - Dependencies all met for <TaskInstance: Download_Stock_Price.download_prices manual__2021-12-06T03:21:25+00:00 [queued]>
[2021-12-06 03:21:58,516] {taskinstance.py:1035} INFO - Dependencies all met for <TaskInstance: Download_Stock_Price.download_prices manual__2021-12-06T03:21:25+00:00 [queued]>
[2021-12-06 03:21:58,516] {taskinstance.py:1241} INFO - 
--------------------------------------------------------------------------------
[2021-12-06 03:21:58,517] {taskinstance.py:1242} INFO - Starting attempt 1 of 2
[2021-12-06 03:21:58,518] {taskinstance.py:1243} INFO - 
--------------------------------------------------------------------------------
[2021-12-06 03:21:58,531] {taskinstance.py:1262} INFO - Executing <Task(PythonOperator): download_prices> on 2021-12-06 03:21:25+00:00
[2021-12-06 03:21:58,536] {standard_task_runner.py:52} INFO - Started process 2391 to run task
[2021-12-06 03:21:58,543] {standard_task_runner.py:76} INFO - Running: ['***', 'tasks', 'run', 'Download_Stock_Price', 'download_prices', 'manual__2021-12-06T03:21:25+00:00', '--job-id', '23', '--raw', '--subdir', 'DAGS_FOLDER/download_stick_price.py', '--cfg-path', '/tmp/tmpk1x4lt36', '--error-file', '/tmp/tmp_im66n50']
[2021-12-06 03:21:58,544] {standard_task_runner.py:77} INFO - Job 23: Subtask download_prices
[2021-12-06 03:21:58,603] {logging_mixin.py:109} INFO - Running <TaskInstance: Download_Stock_Price.download_prices manual__2021-12-06T03:21:25+00:00 [running]> on host a7052e8078d2
[2021-12-06 03:21:58,672] {taskinstance.py:1429} INFO - Exporting the following env vars:
AIRFLOW_CTX_DAG_EMAIL=tlzmkm@gmail.com
AIRFLOW_CTX_DAG_OWNER=tl
AIRFLOW_CTX_DAG_ID=Download_Stock_Price
AIRFLOW_CTX_TASK_ID=download_prices
AIRFLOW_CTX_EXECUTION_DATE=2021-12-06T03:21:25+00:00
AIRFLOW_CTX_DAG_RUN_ID=manual__2021-12-06T03:21:25+00:00
[2021-12-06 03:22:00,527] {python.py:152} INFO - Done. Returned value was: ['FB']
[2021-12-06 03:22:00,557] {taskinstance.py:1280} INFO - Marking task as SUCCESS. dag_id=Download_Stock_Price, task_id=download_prices, execution_date=20211206T032125, start_date=20211206T032158, end_date=20211206T032200
[2021-12-06 03:22:00,613] {local_task_job.py:154} INFO - Task exited with return code 0
[2021-12-06 03:22:00,652] {local_task_job.py:264} INFO - 0 downstream tasks scheduled from follow-on schedule check
