[2021-12-09 05:05:01,501] {taskinstance.py:1035} INFO - Dependencies all met for <TaskInstance: Download_Stock_Price.download_prices scheduled__2021-12-08T05:05:00+00:00 [queued]>
[2021-12-09 05:05:01,512] {taskinstance.py:1035} INFO - Dependencies all met for <TaskInstance: Download_Stock_Price.download_prices scheduled__2021-12-08T05:05:00+00:00 [queued]>
[2021-12-09 05:05:01,513] {taskinstance.py:1241} INFO - 
--------------------------------------------------------------------------------
[2021-12-09 05:05:01,513] {taskinstance.py:1242} INFO - Starting attempt 1 of 2
[2021-12-09 05:05:01,514] {taskinstance.py:1243} INFO - 
--------------------------------------------------------------------------------
[2021-12-09 05:05:01,532] {taskinstance.py:1262} INFO - Executing <Task(PythonOperator): download_prices> on 2021-12-08 05:05:00+00:00
[2021-12-09 05:05:01,537] {standard_task_runner.py:52} INFO - Started process 49929 to run task
[2021-12-09 05:05:01,542] {standard_task_runner.py:76} INFO - Running: ['***', 'tasks', 'run', 'Download_Stock_Price', 'download_prices', 'scheduled__2021-12-08T05:05:00+00:00', '--job-id', '54', '--raw', '--subdir', 'DAGS_FOLDER/download_stick_price.py', '--cfg-path', '/tmp/tmpodjrop4q', '--error-file', '/tmp/tmp4mynyjo7']
[2021-12-09 05:05:01,545] {standard_task_runner.py:77} INFO - Job 54: Subtask download_prices
[2021-12-09 05:05:01,601] {logging_mixin.py:109} INFO - Running <TaskInstance: Download_Stock_Price.download_prices scheduled__2021-12-08T05:05:00+00:00 [running]> on host 48b97d3f8617
[2021-12-09 05:05:01,655] {taskinstance.py:1429} INFO - Exporting the following env vars:
AIRFLOW_CTX_DAG_EMAIL=tlzmkm@gmail.com
AIRFLOW_CTX_DAG_OWNER=tl
AIRFLOW_CTX_DAG_ID=Download_Stock_Price
AIRFLOW_CTX_TASK_ID=download_prices
AIRFLOW_CTX_EXECUTION_DATE=2021-12-08T05:05:00+00:00
AIRFLOW_CTX_DAG_RUN_ID=scheduled__2021-12-08T05:05:00+00:00
[2021-12-09 05:05:05,284] {python.py:152} INFO - Done. Returned value was: ['MSFT', 'GE']
[2021-12-09 05:05:05,317] {taskinstance.py:1280} INFO - Marking task as SUCCESS. dag_id=Download_Stock_Price, task_id=download_prices, execution_date=20211208T050500, start_date=20211209T050501, end_date=20211209T050505
[2021-12-09 05:05:05,363] {local_task_job.py:154} INFO - Task exited with return code 0
[2021-12-09 05:05:05,403] {local_task_job.py:264} INFO - 1 downstream tasks scheduled from follow-on schedule check
