[2021-12-10 05:05:01,148] {taskinstance.py:1035} INFO - Dependencies all met for <TaskInstance: Download_Stock_Price.download_prices scheduled__2021-12-09T05:05:00+00:00 [queued]>
[2021-12-10 05:05:01,158] {taskinstance.py:1035} INFO - Dependencies all met for <TaskInstance: Download_Stock_Price.download_prices scheduled__2021-12-09T05:05:00+00:00 [queued]>
[2021-12-10 05:05:01,158] {taskinstance.py:1241} INFO - 
--------------------------------------------------------------------------------
[2021-12-10 05:05:01,159] {taskinstance.py:1242} INFO - Starting attempt 1 of 2
[2021-12-10 05:05:01,160] {taskinstance.py:1243} INFO - 
--------------------------------------------------------------------------------
[2021-12-10 05:05:01,178] {taskinstance.py:1262} INFO - Executing <Task(PythonOperator): download_prices> on 2021-12-09 05:05:00+00:00
[2021-12-10 05:05:01,183] {standard_task_runner.py:52} INFO - Started process 68417 to run task
[2021-12-10 05:05:01,187] {standard_task_runner.py:76} INFO - Running: ['***', 'tasks', 'run', 'Download_Stock_Price', 'download_prices', 'scheduled__2021-12-09T05:05:00+00:00', '--job-id', '56', '--raw', '--subdir', 'DAGS_FOLDER/download_stick_price.py', '--cfg-path', '/tmp/tmpjr_38y1l', '--error-file', '/tmp/tmpprf8cm48']
[2021-12-10 05:05:01,188] {standard_task_runner.py:77} INFO - Job 56: Subtask download_prices
[2021-12-10 05:05:01,251] {logging_mixin.py:109} INFO - Running <TaskInstance: Download_Stock_Price.download_prices scheduled__2021-12-09T05:05:00+00:00 [running]> on host 48b97d3f8617
[2021-12-10 05:05:01,327] {taskinstance.py:1429} INFO - Exporting the following env vars:
AIRFLOW_CTX_DAG_EMAIL=tlzmkm@gmail.com
AIRFLOW_CTX_DAG_OWNER=tl
AIRFLOW_CTX_DAG_ID=Download_Stock_Price
AIRFLOW_CTX_TASK_ID=download_prices
AIRFLOW_CTX_EXECUTION_DATE=2021-12-09T05:05:00+00:00
AIRFLOW_CTX_DAG_RUN_ID=scheduled__2021-12-09T05:05:00+00:00
[2021-12-10 05:05:04,363] {python.py:152} INFO - Done. Returned value was: ['MSFT', 'GE']
[2021-12-10 05:05:04,397] {taskinstance.py:1280} INFO - Marking task as SUCCESS. dag_id=Download_Stock_Price, task_id=download_prices, execution_date=20211209T050500, start_date=20211210T050501, end_date=20211210T050504
[2021-12-10 05:05:04,443] {local_task_job.py:154} INFO - Task exited with return code 0
[2021-12-10 05:05:04,485] {local_task_job.py:264} INFO - 1 downstream tasks scheduled from follow-on schedule check
