[2021-12-10 06:28:57,816] {taskinstance.py:1035} INFO - Dependencies all met for <TaskInstance: Download_Stock_Price.download_prices manual__2021-12-10T06:28:55.764846+00:00 [queued]>
[2021-12-10 06:28:57,832] {taskinstance.py:1035} INFO - Dependencies all met for <TaskInstance: Download_Stock_Price.download_prices manual__2021-12-10T06:28:55.764846+00:00 [queued]>
[2021-12-10 06:28:57,834] {taskinstance.py:1241} INFO - 
--------------------------------------------------------------------------------
[2021-12-10 06:28:57,834] {taskinstance.py:1242} INFO - Starting attempt 1 of 2
[2021-12-10 06:28:57,835] {taskinstance.py:1243} INFO - 
--------------------------------------------------------------------------------
[2021-12-10 06:28:57,862] {taskinstance.py:1262} INFO - Executing <Task(PythonOperator): download_prices> on 2021-12-10 06:28:55.764846+00:00
[2021-12-10 06:28:57,869] {standard_task_runner.py:52} INFO - Started process 71500 to run task
[2021-12-10 06:28:57,874] {standard_task_runner.py:76} INFO - Running: ['***', 'tasks', 'run', 'Download_Stock_Price', 'download_prices', 'manual__2021-12-10T06:28:55.764846+00:00', '--job-id', '58', '--raw', '--subdir', 'DAGS_FOLDER/download_stick_price.py', '--cfg-path', '/tmp/tmpu_e80s0t', '--error-file', '/tmp/tmpw4oqe0nn']
[2021-12-10 06:28:57,876] {standard_task_runner.py:77} INFO - Job 58: Subtask download_prices
[2021-12-10 06:28:57,944] {logging_mixin.py:109} INFO - Running <TaskInstance: Download_Stock_Price.download_prices manual__2021-12-10T06:28:55.764846+00:00 [running]> on host 48b97d3f8617
[2021-12-10 06:28:58,009] {taskinstance.py:1429} INFO - Exporting the following env vars:
AIRFLOW_CTX_DAG_EMAIL=tlzmkm@gmail.com
AIRFLOW_CTX_DAG_OWNER=tl
AIRFLOW_CTX_DAG_ID=Download_Stock_Price
AIRFLOW_CTX_TASK_ID=download_prices
AIRFLOW_CTX_EXECUTION_DATE=2021-12-10T06:28:55.764846+00:00
AIRFLOW_CTX_DAG_RUN_ID=manual__2021-12-10T06:28:55.764846+00:00
[2021-12-10 06:29:00,739] {python.py:152} INFO - Done. Returned value was: ['MSFT', 'GE']
[2021-12-10 06:29:00,779] {taskinstance.py:1280} INFO - Marking task as SUCCESS. dag_id=Download_Stock_Price, task_id=download_prices, execution_date=20211210T062855, start_date=20211210T062857, end_date=20211210T062900
[2021-12-10 06:29:00,847] {local_task_job.py:154} INFO - Task exited with return code 0
[2021-12-10 06:29:00,905] {local_task_job.py:264} INFO - 1 downstream tasks scheduled from follow-on schedule check
