[2021-12-06 09:14:53,092] {taskinstance.py:1035} INFO - Dependencies all met for <TaskInstance: Download_Stock_Price.download_prices manual__2021-12-06T09:14:52.010224+00:00 [queued]>
[2021-12-06 09:14:53,107] {taskinstance.py:1035} INFO - Dependencies all met for <TaskInstance: Download_Stock_Price.download_prices manual__2021-12-06T09:14:52.010224+00:00 [queued]>
[2021-12-06 09:14:53,107] {taskinstance.py:1241} INFO - 
--------------------------------------------------------------------------------
[2021-12-06 09:14:53,108] {taskinstance.py:1242} INFO - Starting attempt 1 of 2
[2021-12-06 09:14:53,109] {taskinstance.py:1243} INFO - 
--------------------------------------------------------------------------------
[2021-12-06 09:14:53,128] {taskinstance.py:1262} INFO - Executing <Task(PythonOperator): download_prices> on 2021-12-06 09:14:52.010224+00:00
[2021-12-06 09:14:53,134] {standard_task_runner.py:52} INFO - Started process 3347 to run task
[2021-12-06 09:14:53,138] {standard_task_runner.py:76} INFO - Running: ['***', 'tasks', 'run', 'Download_Stock_Price', 'download_prices', 'manual__2021-12-06T09:14:52.010224+00:00', '--job-id', '45', '--raw', '--subdir', 'DAGS_FOLDER/download_stick_price.py', '--cfg-path', '/tmp/tmp32577xsq', '--error-file', '/tmp/tmpyzdxl9m1']
[2021-12-06 09:14:53,140] {standard_task_runner.py:77} INFO - Job 45: Subtask download_prices
[2021-12-06 09:14:53,194] {logging_mixin.py:109} INFO - Running <TaskInstance: Download_Stock_Price.download_prices manual__2021-12-06T09:14:52.010224+00:00 [running]> on host 48b97d3f8617
[2021-12-06 09:14:53,249] {taskinstance.py:1429} INFO - Exporting the following env vars:
AIRFLOW_CTX_DAG_EMAIL=tlzmkm@gmail.com
AIRFLOW_CTX_DAG_OWNER=tl
AIRFLOW_CTX_DAG_ID=Download_Stock_Price
AIRFLOW_CTX_TASK_ID=download_prices
AIRFLOW_CTX_EXECUTION_DATE=2021-12-06T09:14:52.010224+00:00
AIRFLOW_CTX_DAG_RUN_ID=manual__2021-12-06T09:14:52.010224+00:00
[2021-12-06 09:14:55,399] {python.py:152} INFO - Done. Returned value was: ['MSFT', 'GE']
[2021-12-06 09:14:55,424] {taskinstance.py:1280} INFO - Marking task as SUCCESS. dag_id=Download_Stock_Price, task_id=download_prices, execution_date=20211206T091452, start_date=20211206T091453, end_date=20211206T091455
[2021-12-06 09:14:55,455] {local_task_job.py:154} INFO - Task exited with return code 0
[2021-12-06 09:14:55,496] {local_task_job.py:264} INFO - 1 downstream tasks scheduled from follow-on schedule check
