[2021-12-06 03:14:34,890] {taskinstance.py:1035} INFO - Dependencies all met for <TaskInstance: Download_Stock_Price.download_prices manual__2021-12-06T03:14:33.704120+00:00 [queued]>
[2021-12-06 03:14:34,910] {taskinstance.py:1035} INFO - Dependencies all met for <TaskInstance: Download_Stock_Price.download_prices manual__2021-12-06T03:14:33.704120+00:00 [queued]>
[2021-12-06 03:14:34,910] {taskinstance.py:1241} INFO - 
--------------------------------------------------------------------------------
[2021-12-06 03:14:34,910] {taskinstance.py:1242} INFO - Starting attempt 1 of 2
[2021-12-06 03:14:34,911] {taskinstance.py:1243} INFO - 
--------------------------------------------------------------------------------
[2021-12-06 03:14:34,923] {taskinstance.py:1262} INFO - Executing <Task(PythonOperator): download_prices> on 2021-12-06 03:14:33.704120+00:00
[2021-12-06 03:14:34,929] {standard_task_runner.py:52} INFO - Started process 2117 to run task
[2021-12-06 03:14:34,933] {standard_task_runner.py:76} INFO - Running: ['***', 'tasks', 'run', 'Download_Stock_Price', 'download_prices', 'manual__2021-12-06T03:14:33.704120+00:00', '--job-id', '22', '--raw', '--subdir', 'DAGS_FOLDER/download_stick_price.py', '--cfg-path', '/tmp/tmp471f1x_9', '--error-file', '/tmp/tmp_h78149a']
[2021-12-06 03:14:34,935] {standard_task_runner.py:77} INFO - Job 22: Subtask download_prices
[2021-12-06 03:14:34,990] {logging_mixin.py:109} INFO - Running <TaskInstance: Download_Stock_Price.download_prices manual__2021-12-06T03:14:33.704120+00:00 [running]> on host a7052e8078d2
[2021-12-06 03:14:35,055] {taskinstance.py:1429} INFO - Exporting the following env vars:
AIRFLOW_CTX_DAG_EMAIL=tlzmkm@gmail.com
AIRFLOW_CTX_DAG_OWNER=tl
AIRFLOW_CTX_DAG_ID=Download_Stock_Price
AIRFLOW_CTX_TASK_ID=download_prices
AIRFLOW_CTX_EXECUTION_DATE=2021-12-06T03:14:33.704120+00:00
AIRFLOW_CTX_DAG_RUN_ID=manual__2021-12-06T03:14:33.704120+00:00
[2021-12-06 03:14:39,596] {python.py:152} INFO - Done. Returned value was: ['MSFT', 'GE']
[2021-12-06 03:14:39,623] {taskinstance.py:1280} INFO - Marking task as SUCCESS. dag_id=Download_Stock_Price, task_id=download_prices, execution_date=20211206T031433, start_date=20211206T031434, end_date=20211206T031439
[2021-12-06 03:14:39,654] {local_task_job.py:154} INFO - Task exited with return code 0
[2021-12-06 03:14:39,691] {local_task_job.py:264} INFO - 0 downstream tasks scheduled from follow-on schedule check
