[2021-12-06 09:16:21,671] {taskinstance.py:1035} INFO - Dependencies all met for <TaskInstance: Download_Stock_Price.download_prices manual__2021-12-06T09:16:20.739250+00:00 [queued]>
[2021-12-06 09:16:21,688] {taskinstance.py:1035} INFO - Dependencies all met for <TaskInstance: Download_Stock_Price.download_prices manual__2021-12-06T09:16:20.739250+00:00 [queued]>
[2021-12-06 09:16:21,689] {taskinstance.py:1241} INFO - 
--------------------------------------------------------------------------------
[2021-12-06 09:16:21,689] {taskinstance.py:1242} INFO - Starting attempt 1 of 2
[2021-12-06 09:16:21,690] {taskinstance.py:1243} INFO - 
--------------------------------------------------------------------------------
[2021-12-06 09:16:21,714] {taskinstance.py:1262} INFO - Executing <Task(PythonOperator): download_prices> on 2021-12-06 09:16:20.739250+00:00
[2021-12-06 09:16:21,719] {standard_task_runner.py:52} INFO - Started process 3412 to run task
[2021-12-06 09:16:21,725] {standard_task_runner.py:76} INFO - Running: ['***', 'tasks', 'run', 'Download_Stock_Price', 'download_prices', 'manual__2021-12-06T09:16:20.739250+00:00', '--job-id', '48', '--raw', '--subdir', 'DAGS_FOLDER/download_stick_price.py', '--cfg-path', '/tmp/tmpff6aibc2', '--error-file', '/tmp/tmp6e99_h2a']
[2021-12-06 09:16:21,727] {standard_task_runner.py:77} INFO - Job 48: Subtask download_prices
[2021-12-06 09:16:21,786] {logging_mixin.py:109} INFO - Running <TaskInstance: Download_Stock_Price.download_prices manual__2021-12-06T09:16:20.739250+00:00 [running]> on host 48b97d3f8617
[2021-12-06 09:16:21,842] {taskinstance.py:1429} INFO - Exporting the following env vars:
AIRFLOW_CTX_DAG_EMAIL=tlzmkm@gmail.com
AIRFLOW_CTX_DAG_OWNER=tl
AIRFLOW_CTX_DAG_ID=Download_Stock_Price
AIRFLOW_CTX_TASK_ID=download_prices
AIRFLOW_CTX_EXECUTION_DATE=2021-12-06T09:16:20.739250+00:00
AIRFLOW_CTX_DAG_RUN_ID=manual__2021-12-06T09:16:20.739250+00:00
[2021-12-06 09:16:23,866] {python.py:152} INFO - Done. Returned value was: ['MSFT', 'GE']
[2021-12-06 09:16:23,896] {taskinstance.py:1280} INFO - Marking task as SUCCESS. dag_id=Download_Stock_Price, task_id=download_prices, execution_date=20211206T091620, start_date=20211206T091621, end_date=20211206T091623
[2021-12-06 09:16:23,958] {local_task_job.py:154} INFO - Task exited with return code 0
[2021-12-06 09:16:24,000] {local_task_job.py:264} INFO - 1 downstream tasks scheduled from follow-on schedule check
