[2021-12-03 02:29:41,203] {taskinstance.py:1035} INFO - Dependencies all met for <TaskInstance: tutorial.print_date manual__2021-12-03T02:29:39.875719+00:00 [queued]>
[2021-12-03 02:29:41,215] {taskinstance.py:1035} INFO - Dependencies all met for <TaskInstance: tutorial.print_date manual__2021-12-03T02:29:39.875719+00:00 [queued]>
[2021-12-03 02:29:41,215] {taskinstance.py:1241} INFO - 
--------------------------------------------------------------------------------
[2021-12-03 02:29:41,216] {taskinstance.py:1242} INFO - Starting attempt 1 of 2
[2021-12-03 02:29:41,217] {taskinstance.py:1243} INFO - 
--------------------------------------------------------------------------------
[2021-12-03 02:29:41,231] {taskinstance.py:1262} INFO - Executing <Task(BashOperator): print_date> on 2021-12-03 02:29:39.875719+00:00
[2021-12-03 02:29:41,237] {standard_task_runner.py:52} INFO - Started process 1417 to run task
[2021-12-03 02:29:41,241] {standard_task_runner.py:76} INFO - Running: ['***', 'tasks', 'run', 'tutorial', 'print_date', 'manual__2021-12-03T02:29:39.875719+00:00', '--job-id', '8', '--raw', '--subdir', '/home/***/.local/lib/python3.7/site-packages/***/example_dags/tutorial.py', '--cfg-path', '/tmp/tmp7qusmi64', '--error-file', '/tmp/tmpvmre7124']
[2021-12-03 02:29:41,242] {standard_task_runner.py:77} INFO - Job 8: Subtask print_date
[2021-12-03 02:29:41,299] {logging_mixin.py:109} INFO - Running <TaskInstance: tutorial.print_date manual__2021-12-03T02:29:39.875719+00:00 [running]> on host 693cc8a7dc51
[2021-12-03 02:29:41,361] {taskinstance.py:1429} INFO - Exporting the following env vars:
AIRFLOW_CTX_DAG_EMAIL=***@example.com
AIRFLOW_CTX_DAG_OWNER=***
AIRFLOW_CTX_DAG_ID=tutorial
AIRFLOW_CTX_TASK_ID=print_date
AIRFLOW_CTX_EXECUTION_DATE=2021-12-03T02:29:39.875719+00:00
AIRFLOW_CTX_DAG_RUN_ID=manual__2021-12-03T02:29:39.875719+00:00
[2021-12-03 02:29:41,363] {subprocess.py:62} INFO - Tmp dir root location: 
 /tmp
[2021-12-03 02:29:41,364] {subprocess.py:74} INFO - Running command: ['bash', '-c', 'date']
[2021-12-03 02:29:41,376] {subprocess.py:85} INFO - Output:
[2021-12-03 02:29:41,380] {subprocess.py:89} INFO - Fri Dec  3 02:29:41 UTC 2021
[2021-12-03 02:29:41,381] {subprocess.py:93} INFO - Command exited with return code 0
[2021-12-03 02:29:41,409] {taskinstance.py:1280} INFO - Marking task as SUCCESS. dag_id=tutorial, task_id=print_date, execution_date=20211203T022939, start_date=20211203T022941, end_date=20211203T022941
[2021-12-03 02:29:41,457] {local_task_job.py:154} INFO - Task exited with return code 0
[2021-12-03 02:29:41,500] {local_task_job.py:264} INFO - 2 downstream tasks scheduled from follow-on schedule check
