[2021-12-06 08:58:10,478] {taskinstance.py:1035} INFO - Dependencies all met for <TaskInstance: Download_Stock_Price.download_prices manual__2021-12-06T08:58:09.391645+00:00 [queued]>
[2021-12-06 08:58:10,493] {taskinstance.py:1035} INFO - Dependencies all met for <TaskInstance: Download_Stock_Price.download_prices manual__2021-12-06T08:58:09.391645+00:00 [queued]>
[2021-12-06 08:58:10,494] {taskinstance.py:1241} INFO - 
--------------------------------------------------------------------------------
[2021-12-06 08:58:10,495] {taskinstance.py:1242} INFO - Starting attempt 1 of 2
[2021-12-06 08:58:10,496] {taskinstance.py:1243} INFO - 
--------------------------------------------------------------------------------
[2021-12-06 08:58:10,523] {taskinstance.py:1262} INFO - Executing <Task(PythonOperator): download_prices> on 2021-12-06 08:58:09.391645+00:00
[2021-12-06 08:58:10,529] {standard_task_runner.py:52} INFO - Started process 2709 to run task
[2021-12-06 08:58:10,535] {standard_task_runner.py:76} INFO - Running: ['***', 'tasks', 'run', 'Download_Stock_Price', 'download_prices', 'manual__2021-12-06T08:58:09.391645+00:00', '--job-id', '37', '--raw', '--subdir', 'DAGS_FOLDER/download_stick_price.py', '--cfg-path', '/tmp/tmp1fc47_wh', '--error-file', '/tmp/tmplzad32zw']
[2021-12-06 08:58:10,536] {standard_task_runner.py:77} INFO - Job 37: Subtask download_prices
[2021-12-06 08:58:10,610] {logging_mixin.py:109} INFO - Running <TaskInstance: Download_Stock_Price.download_prices manual__2021-12-06T08:58:09.391645+00:00 [running]> on host 48b97d3f8617
[2021-12-06 08:58:10,696] {taskinstance.py:1429} INFO - Exporting the following env vars:
AIRFLOW_CTX_DAG_EMAIL=tlzmkm@gmail.com
AIRFLOW_CTX_DAG_OWNER=tl
AIRFLOW_CTX_DAG_ID=Download_Stock_Price
AIRFLOW_CTX_TASK_ID=download_prices
AIRFLOW_CTX_EXECUTION_DATE=2021-12-06T08:58:09.391645+00:00
AIRFLOW_CTX_DAG_RUN_ID=manual__2021-12-06T08:58:09.391645+00:00
[2021-12-06 08:58:14,783] {python.py:152} INFO - Done. Returned value was: ['MSFT', 'GE']
[2021-12-06 08:58:14,813] {taskinstance.py:1280} INFO - Marking task as SUCCESS. dag_id=Download_Stock_Price, task_id=download_prices, execution_date=20211206T085809, start_date=20211206T085810, end_date=20211206T085814
[2021-12-06 08:58:14,874] {local_task_job.py:154} INFO - Task exited with return code 0
[2021-12-06 08:58:14,919] {local_task_job.py:264} INFO - 1 downstream tasks scheduled from follow-on schedule check
