[2021-12-03 02:29:42,604] {taskinstance.py:1035} INFO - Dependencies all met for <TaskInstance: tutorial.templated manual__2021-12-03T02:29:39.875719+00:00 [queued]>
[2021-12-03 02:29:42,618] {taskinstance.py:1035} INFO - Dependencies all met for <TaskInstance: tutorial.templated manual__2021-12-03T02:29:39.875719+00:00 [queued]>
[2021-12-03 02:29:42,619] {taskinstance.py:1241} INFO - 
--------------------------------------------------------------------------------
[2021-12-03 02:29:42,620] {taskinstance.py:1242} INFO - Starting attempt 1 of 2
[2021-12-03 02:29:42,620] {taskinstance.py:1243} INFO - 
--------------------------------------------------------------------------------
[2021-12-03 02:29:42,637] {taskinstance.py:1262} INFO - Executing <Task(BashOperator): templated> on 2021-12-03 02:29:39.875719+00:00
[2021-12-03 02:29:42,643] {standard_task_runner.py:52} INFO - Started process 1425 to run task
[2021-12-03 02:29:42,650] {standard_task_runner.py:76} INFO - Running: ['***', 'tasks', 'run', 'tutorial', 'templated', 'manual__2021-12-03T02:29:39.875719+00:00', '--job-id', '10', '--raw', '--subdir', '/home/***/.local/lib/python3.7/site-packages/***/example_dags/tutorial.py', '--cfg-path', '/tmp/tmplshzoeyt', '--error-file', '/tmp/tmp9kndjc8l']
[2021-12-03 02:29:42,652] {standard_task_runner.py:77} INFO - Job 10: Subtask templated
[2021-12-03 02:29:42,714] {logging_mixin.py:109} INFO - Running <TaskInstance: tutorial.templated manual__2021-12-03T02:29:39.875719+00:00 [running]> on host 693cc8a7dc51
[2021-12-03 02:29:42,806] {taskinstance.py:1429} INFO - Exporting the following env vars:
AIRFLOW_CTX_DAG_EMAIL=***@example.com
AIRFLOW_CTX_DAG_OWNER=***
AIRFLOW_CTX_DAG_ID=tutorial
AIRFLOW_CTX_TASK_ID=templated
AIRFLOW_CTX_EXECUTION_DATE=2021-12-03T02:29:39.875719+00:00
AIRFLOW_CTX_DAG_RUN_ID=manual__2021-12-03T02:29:39.875719+00:00
[2021-12-03 02:29:42,808] {subprocess.py:62} INFO - Tmp dir root location: 
 /tmp
[2021-12-03 02:29:42,810] {subprocess.py:74} INFO - Running command: ['bash', '-c', '\n\n    echo "2021-12-03"\n    echo "2021-12-10"\n    echo "Parameter I passed in"\n\n    echo "2021-12-03"\n    echo "2021-12-10"\n    echo "Parameter I passed in"\n\n    echo "2021-12-03"\n    echo "2021-12-10"\n    echo "Parameter I passed in"\n\n    echo "2021-12-03"\n    echo "2021-12-10"\n    echo "Parameter I passed in"\n\n    echo "2021-12-03"\n    echo "2021-12-10"\n    echo "Parameter I passed in"\n']
[2021-12-03 02:29:42,825] {subprocess.py:85} INFO - Output:
[2021-12-03 02:29:42,827] {subprocess.py:89} INFO - 2021-12-03
[2021-12-03 02:29:42,828] {subprocess.py:89} INFO - 2021-12-10
[2021-12-03 02:29:42,829] {subprocess.py:89} INFO - Parameter I passed in
[2021-12-03 02:29:42,829] {subprocess.py:89} INFO - 2021-12-03
[2021-12-03 02:29:42,830] {subprocess.py:89} INFO - 2021-12-10
[2021-12-03 02:29:42,830] {subprocess.py:89} INFO - Parameter I passed in
[2021-12-03 02:29:42,831] {subprocess.py:89} INFO - 2021-12-03
[2021-12-03 02:29:42,831] {subprocess.py:89} INFO - 2021-12-10
[2021-12-03 02:29:42,832] {subprocess.py:89} INFO - Parameter I passed in
[2021-12-03 02:29:42,833] {subprocess.py:89} INFO - 2021-12-03
[2021-12-03 02:29:42,833] {subprocess.py:89} INFO - 2021-12-10
[2021-12-03 02:29:42,833] {subprocess.py:89} INFO - Parameter I passed in
[2021-12-03 02:29:42,834] {subprocess.py:89} INFO - 2021-12-03
[2021-12-03 02:29:42,834] {subprocess.py:89} INFO - 2021-12-10
[2021-12-03 02:29:42,835] {subprocess.py:89} INFO - Parameter I passed in
[2021-12-03 02:29:42,836] {subprocess.py:93} INFO - Command exited with return code 0
[2021-12-03 02:29:42,871] {taskinstance.py:1280} INFO - Marking task as SUCCESS. dag_id=tutorial, task_id=templated, execution_date=20211203T022939, start_date=20211203T022942, end_date=20211203T022942
[2021-12-03 02:29:42,902] {local_task_job.py:154} INFO - Task exited with return code 0
[2021-12-03 02:29:42,944] {local_task_job.py:264} INFO - 0 downstream tasks scheduled from follow-on schedule check
