[2021-12-03 02:29:42,596] {taskinstance.py:1035} INFO - Dependencies all met for <TaskInstance: tutorial.sleep scheduled__2021-12-02T02:29:24.901767+00:00 [queued]>
[2021-12-03 02:29:42,609] {taskinstance.py:1035} INFO - Dependencies all met for <TaskInstance: tutorial.sleep scheduled__2021-12-02T02:29:24.901767+00:00 [queued]>
[2021-12-03 02:29:42,610] {taskinstance.py:1241} INFO - 
--------------------------------------------------------------------------------
[2021-12-03 02:29:42,610] {taskinstance.py:1242} INFO - Starting attempt 1 of 4
[2021-12-03 02:29:42,611] {taskinstance.py:1243} INFO - 
--------------------------------------------------------------------------------
[2021-12-03 02:29:42,628] {taskinstance.py:1262} INFO - Executing <Task(BashOperator): sleep> on 2021-12-02 02:29:24.901767+00:00
[2021-12-03 02:29:42,633] {standard_task_runner.py:52} INFO - Started process 1424 to run task
[2021-12-03 02:29:42,638] {standard_task_runner.py:76} INFO - Running: ['***', 'tasks', 'run', 'tutorial', 'sleep', 'scheduled__2021-12-02T02:29:24.901767+00:00', '--job-id', '11', '--raw', '--subdir', '/home/***/.local/lib/python3.7/site-packages/***/example_dags/tutorial.py', '--cfg-path', '/tmp/tmpll04kjwm', '--error-file', '/tmp/tmp4ke0_cob']
[2021-12-03 02:29:42,640] {standard_task_runner.py:77} INFO - Job 11: Subtask sleep
[2021-12-03 02:29:42,704] {logging_mixin.py:109} INFO - Running <TaskInstance: tutorial.sleep scheduled__2021-12-02T02:29:24.901767+00:00 [running]> on host 693cc8a7dc51
[2021-12-03 02:29:42,791] {taskinstance.py:1429} INFO - Exporting the following env vars:
AIRFLOW_CTX_DAG_EMAIL=***@example.com
AIRFLOW_CTX_DAG_OWNER=***
AIRFLOW_CTX_DAG_ID=tutorial
AIRFLOW_CTX_TASK_ID=sleep
AIRFLOW_CTX_EXECUTION_DATE=2021-12-02T02:29:24.901767+00:00
AIRFLOW_CTX_DAG_RUN_ID=scheduled__2021-12-02T02:29:24.901767+00:00
[2021-12-03 02:29:42,792] {subprocess.py:62} INFO - Tmp dir root location: 
 /tmp
[2021-12-03 02:29:42,794] {subprocess.py:74} INFO - Running command: ['bash', '-c', 'sleep 5']
[2021-12-03 02:29:42,807] {subprocess.py:85} INFO - Output:
[2021-12-03 02:29:47,816] {subprocess.py:93} INFO - Command exited with return code 0
[2021-12-03 02:29:47,845] {taskinstance.py:1280} INFO - Marking task as SUCCESS. dag_id=tutorial, task_id=sleep, execution_date=20211202T022924, start_date=20211203T022942, end_date=20211203T022947
[2021-12-03 02:29:47,880] {local_task_job.py:154} INFO - Task exited with return code 0
[2021-12-03 02:29:47,913] {local_task_job.py:264} INFO - 0 downstream tasks scheduled from follow-on schedule check
