[2021-12-10 06:29:01,754] {taskinstance.py:1035} INFO - Dependencies all met for <TaskInstance: Download_Stock_Price.save_to_database manual__2021-12-10T06:28:55.764846+00:00 [queued]>
[2021-12-10 06:29:01,769] {taskinstance.py:1035} INFO - Dependencies all met for <TaskInstance: Download_Stock_Price.save_to_database manual__2021-12-10T06:28:55.764846+00:00 [queued]>
[2021-12-10 06:29:01,770] {taskinstance.py:1241} INFO - 
--------------------------------------------------------------------------------
[2021-12-10 06:29:01,771] {taskinstance.py:1242} INFO - Starting attempt 1 of 2
[2021-12-10 06:29:01,773] {taskinstance.py:1243} INFO - 
--------------------------------------------------------------------------------
[2021-12-10 06:29:01,796] {taskinstance.py:1262} INFO - Executing <Task(PythonOperator): save_to_database> on 2021-12-10 06:28:55.764846+00:00
[2021-12-10 06:29:01,802] {standard_task_runner.py:52} INFO - Started process 71511 to run task
[2021-12-10 06:29:01,807] {standard_task_runner.py:76} INFO - Running: ['***', 'tasks', 'run', 'Download_Stock_Price', 'save_to_database', 'manual__2021-12-10T06:28:55.764846+00:00', '--job-id', '59', '--raw', '--subdir', 'DAGS_FOLDER/download_stick_price.py', '--cfg-path', '/tmp/tmppdtpj3wp', '--error-file', '/tmp/tmpwx7wt9c8']
[2021-12-10 06:29:01,809] {standard_task_runner.py:77} INFO - Job 59: Subtask save_to_database
[2021-12-10 06:29:01,875] {logging_mixin.py:109} INFO - Running <TaskInstance: Download_Stock_Price.save_to_database manual__2021-12-10T06:28:55.764846+00:00 [running]> on host 48b97d3f8617
[2021-12-10 06:29:01,947] {taskinstance.py:1429} INFO - Exporting the following env vars:
AIRFLOW_CTX_DAG_EMAIL=tlzmkm@gmail.com
AIRFLOW_CTX_DAG_OWNER=tl
AIRFLOW_CTX_DAG_ID=Download_Stock_Price
AIRFLOW_CTX_TASK_ID=save_to_database
AIRFLOW_CTX_EXECUTION_DATE=2021-12-10T06:28:55.764846+00:00
AIRFLOW_CTX_DAG_RUN_ID=manual__2021-12-10T06:28:55.764846+00:00
[2021-12-10 06:29:01,949] {logging_mixin.py:109} INFO - ['__class__', '__contains__', '__delattr__', '__delitem__', '__dir__', '__doc__', '__eq__', '__format__', '__ge__', '__getattribute__', '__getitem__', '__gt__', '__hash__', '__init__', '__init_subclass__', '__iter__', '__le__', '__len__', '__lt__', '__ne__', '__new__', '__reduce__', '__reduce_ex__', '__repr__', '__setattr__', '__setitem__', '__sizeof__', '__str__', '__subclasshook__', 'clear', 'copy', 'fromkeys', 'get', 'items', 'keys', 'pop', 'popitem', 'setdefault', 'update', 'values']
[2021-12-10 06:29:01,950] {logging_mixin.py:109} INFO - {'conf': <***.configuration.AirflowConfigParser object at 0x7ff2eca67310>, 'dag': <DAG: Download_Stock_Price>, 'dag_run': <DagRun Download_Stock_Price @ 2021-12-10 06:28:55.764846+00:00: manual__2021-12-10T06:28:55.764846+00:00, externally triggered: True>, 'data_interval_end': DateTime(2021, 12, 10, 5, 5, 0, tzinfo=Timezone('UTC')), 'data_interval_start': DateTime(2021, 12, 9, 5, 5, 0, tzinfo=Timezone('UTC')), 'ds': '2021-12-10', 'ds_nodash': '20211210', 'execution_date': <Proxy at 0x7ff2d0deed70 with factory <function TaskInstance.get_template_context.<locals>.deprecated_proxy.<locals>.deprecated_func at 0x7ff2d0d72950>>, 'inlets': [], 'logical_date': DateTime(2021, 12, 10, 6, 28, 55, 764846, tzinfo=Timezone('UTC')), 'macros': <module '***.macros' from '/home/***/.local/lib/python3.7/site-packages/***/macros/__init__.py'>, 'next_ds': <Proxy at 0x7ff2d0deecd0 with factory <function TaskInstance.get_template_context.<locals>.deprecated_proxy.<locals>.deprecated_func at 0x7ff2d0de2ef0>>, 'next_ds_nodash': <Proxy at 0x7ff2d0deebe0 with factory <function TaskInstance.get_template_context.<locals>.deprecated_proxy.<locals>.deprecated_func at 0x7ff2d0de27a0>>, 'next_execution_date': <Proxy at 0x7ff2d0deeaa0 with factory <function TaskInstance.get_template_context.<locals>.deprecated_proxy.<locals>.deprecated_func at 0x7ff2d0de2cb0>>, 'outlets': [], 'params': {}, 'prev_data_interval_start_success': <Proxy at 0x7ff2d0deeaf0 with factory <function TaskInstance.get_template_context.<locals>.get_prev_data_interval_start_success at 0x7ff2d0dccb90>>, 'prev_data_interval_end_success': <Proxy at 0x7ff2d0dee690 with factory <function TaskInstance.get_template_context.<locals>.get_prev_data_interval_end_success at 0x7ff2d0dcc950>>, 'prev_ds': <Proxy at 0x7ff2d0e5c8c0 with factory <function TaskInstance.get_template_context.<locals>.deprecated_proxy.<locals>.deprecated_func at 0x7ff2d0de2f80>>, 'prev_ds_nodash': <Proxy at 0x7ff2d0e49c30 with factory <function TaskInstance.get_template_context.<locals>.deprecated_proxy.<locals>.deprecated_func at 0x7ff2d0de2290>>, 'prev_execution_date': <Proxy at 0x7ff2d0de41e0 with factory <function TaskInstance.get_template_context.<locals>.deprecated_proxy.<locals>.deprecated_func at 0x7ff2d0de2200>>, 'prev_execution_date_success': <Proxy at 0x7ff2d0de4b40 with factory <function TaskInstance.get_template_context.<locals>.deprecated_proxy.<locals>.deprecated_func at 0x7ff2d0de2dd0>>, 'prev_start_date_success': <Proxy at 0x7ff2d0de42d0 with factory <function TaskInstance.get_template_context.<locals>.get_prev_start_date_success at 0x7ff2d0d72320>>, 'run_id': 'manual__2021-12-10T06:28:55.764846+00:00', 'task': <Task(PythonOperator): save_to_database>, 'task_instance': <TaskInstance: Download_Stock_Price.save_to_database manual__2021-12-10T06:28:55.764846+00:00 [running]>, 'task_instance_key_str': 'Download_Stock_Price__save_to_database__20211210', 'test_mode': False, 'ti': <TaskInstance: Download_Stock_Price.save_to_database manual__2021-12-10T06:28:55.764846+00:00 [running]>, 'tomorrow_ds': <Proxy at 0x7ff2d0de4af0 with factory <function TaskInstance.get_template_context.<locals>.deprecated_proxy.<locals>.deprecated_func at 0x7ff2d0de2710>>, 'tomorrow_ds_nodash': <Proxy at 0x7ff2d0de4d70 with factory <function TaskInstance.get_template_context.<locals>.deprecated_proxy.<locals>.deprecated_func at 0x7ff2d0de2e60>>, 'ts': '2021-12-10T06:28:55.764846+00:00', 'ts_nodash': '20211210T062855', 'ts_nodash_with_tz': '20211210T062855.764846+0000', 'var': {'json': None, 'value': None}, 'conn': <***.models.taskinstance.TaskInstance.get_template_context.<locals>.ConnectionAccessor object at 0x7ff2d0d77310>, 'yesterday_ds': <Proxy at 0x7ff2d0de4460 with factory <function TaskInstance.get_template_context.<locals>.deprecated_proxy.<locals>.deprecated_func at 0x7ff2d0de2d40>>, 'yesterday_ds_nodash': <Proxy at 0x7ff2d0de4f00 with factory <function TaskInstance.get_template_context.<locals>.deprecated_proxy.<locals>.deprecated_func at 0x7ff2d0d78050>>, 'templates_dict': None}
[2021-12-10 06:29:01,961] {logging_mixin.py:109} INFO - received tickers: ['MSFT', 'GE']
[2021-12-10 06:29:01,974] {base.py:79} INFO - Using connection to: id: demodb. Host: postgres, Port: 5432, Schema: demodb, Login: ***, Password: ***, extra: {}
[2021-12-10 06:29:01,985] {logging_mixin.py:109} INFO - MSFT length=21   ['MSFT', '2021-11-11', '330.6450687299609', '333.1604557205248', '329.90642987138153', '331.8229064941406']
[2021-12-10 06:29:01,998] {logging_mixin.py:109} INFO - GE length=21   ['GE', '2021-11-11', '108.55000305175781', '109.5999984741211', '106.77999877929688', '107.0']
[2021-12-10 06:29:02,004] {logging_mixin.py:109} INFO - 21 record inserted.
[2021-12-10 06:29:02,005] {python.py:152} INFO - Done. Returned value was: None
[2021-12-10 06:29:02,020] {taskinstance.py:1280} INFO - Marking task as SUCCESS. dag_id=Download_Stock_Price, task_id=save_to_database, execution_date=20211210T062855, start_date=20211210T062901, end_date=20211210T062902
[2021-12-10 06:29:02,063] {local_task_job.py:154} INFO - Task exited with return code 0
[2021-12-10 06:29:02,105] {local_task_job.py:264} INFO - 0 downstream tasks scheduled from follow-on schedule check
