[2021-12-07 05:05:07,104] {taskinstance.py:1035} INFO - Dependencies all met for <TaskInstance: Download_Stock_Price.save_to_database scheduled__2021-12-06T05:05:00+00:00 [queued]>
[2021-12-07 05:05:07,115] {taskinstance.py:1035} INFO - Dependencies all met for <TaskInstance: Download_Stock_Price.save_to_database scheduled__2021-12-06T05:05:00+00:00 [queued]>
[2021-12-07 05:05:07,116] {taskinstance.py:1241} INFO - 
--------------------------------------------------------------------------------
[2021-12-07 05:05:07,116] {taskinstance.py:1242} INFO - Starting attempt 1 of 2
[2021-12-07 05:05:07,117] {taskinstance.py:1243} INFO - 
--------------------------------------------------------------------------------
[2021-12-07 05:05:07,135] {taskinstance.py:1262} INFO - Executing <Task(PythonOperator): save_to_database> on 2021-12-06 05:05:00+00:00
[2021-12-07 05:05:07,140] {standard_task_runner.py:52} INFO - Started process 13621 to run task
[2021-12-07 05:05:07,144] {standard_task_runner.py:76} INFO - Running: ['***', 'tasks', 'run', 'Download_Stock_Price', 'save_to_database', 'scheduled__2021-12-06T05:05:00+00:00', '--job-id', '51', '--raw', '--subdir', 'DAGS_FOLDER/download_stick_price.py', '--cfg-path', '/tmp/tmpy515o0r2', '--error-file', '/tmp/tmphi_2_7ha']
[2021-12-07 05:05:07,146] {standard_task_runner.py:77} INFO - Job 51: Subtask save_to_database
[2021-12-07 05:05:07,201] {logging_mixin.py:109} INFO - Running <TaskInstance: Download_Stock_Price.save_to_database scheduled__2021-12-06T05:05:00+00:00 [running]> on host 48b97d3f8617
[2021-12-07 05:05:07,252] {taskinstance.py:1429} INFO - Exporting the following env vars:
AIRFLOW_CTX_DAG_EMAIL=tlzmkm@gmail.com
AIRFLOW_CTX_DAG_OWNER=tl
AIRFLOW_CTX_DAG_ID=Download_Stock_Price
AIRFLOW_CTX_TASK_ID=save_to_database
AIRFLOW_CTX_EXECUTION_DATE=2021-12-06T05:05:00+00:00
AIRFLOW_CTX_DAG_RUN_ID=scheduled__2021-12-06T05:05:00+00:00
[2021-12-07 05:05:07,254] {logging_mixin.py:109} INFO - ['__class__', '__contains__', '__delattr__', '__delitem__', '__dir__', '__doc__', '__eq__', '__format__', '__ge__', '__getattribute__', '__getitem__', '__gt__', '__hash__', '__init__', '__init_subclass__', '__iter__', '__le__', '__len__', '__lt__', '__ne__', '__new__', '__reduce__', '__reduce_ex__', '__repr__', '__setattr__', '__setitem__', '__sizeof__', '__str__', '__subclasshook__', 'clear', 'copy', 'fromkeys', 'get', 'items', 'keys', 'pop', 'popitem', 'setdefault', 'update', 'values']
[2021-12-07 05:05:07,255] {logging_mixin.py:109} INFO - {'conf': <***.configuration.AirflowConfigParser object at 0x7ff2eca67310>, 'dag': <DAG: Download_Stock_Price>, 'dag_run': <DagRun Download_Stock_Price @ 2021-12-06 05:05:00+00:00: scheduled__2021-12-06T05:05:00+00:00, externally triggered: False>, 'data_interval_end': DateTime(2021, 12, 7, 5, 5, 0, tzinfo=Timezone('UTC')), 'data_interval_start': DateTime(2021, 12, 6, 5, 5, 0, tzinfo=Timezone('UTC')), 'ds': '2021-12-06', 'ds_nodash': '20211206', 'execution_date': <Proxy at 0x7ff2d0db10f0 with factory <function TaskInstance.get_template_context.<locals>.deprecated_proxy.<locals>.deprecated_func at 0x7ff2d0d71950>>, 'inlets': [], 'logical_date': DateTime(2021, 12, 6, 5, 5, 0, tzinfo=Timezone('UTC')), 'macros': <module '***.macros' from '/home/***/.local/lib/python3.7/site-packages/***/macros/__init__.py'>, 'next_ds': <Proxy at 0x7ff2d0ded780 with factory <function TaskInstance.get_template_context.<locals>.deprecated_proxy.<locals>.deprecated_func at 0x7ff2d0d718c0>>, 'next_ds_nodash': <Proxy at 0x7ff2d0ded140 with factory <function TaskInstance.get_template_context.<locals>.deprecated_proxy.<locals>.deprecated_func at 0x7ff2d0de1f80>>, 'next_execution_date': <Proxy at 0x7ff2d0dedb40 with factory <function TaskInstance.get_template_context.<locals>.deprecated_proxy.<locals>.deprecated_func at 0x7ff2d0de1e60>>, 'outlets': [], 'params': {}, 'prev_data_interval_start_success': <Proxy at 0x7ff2d0dedc80 with factory <function TaskInstance.get_template_context.<locals>.get_prev_data_interval_start_success at 0x7ff2d0dcbb00>>, 'prev_data_interval_end_success': <Proxy at 0x7ff2d0ded0a0 with factory <function TaskInstance.get_template_context.<locals>.get_prev_data_interval_end_success at 0x7ff2d0dcb8c0>>, 'prev_ds': <Proxy at 0x7ff2d0dede60 with factory <function TaskInstance.get_template_context.<locals>.deprecated_proxy.<locals>.deprecated_func at 0x7ff2d0de1710>>, 'prev_ds_nodash': <Proxy at 0x7ff2d0ded910 with factory <function TaskInstance.get_template_context.<locals>.deprecated_proxy.<locals>.deprecated_func at 0x7ff2d0de1c20>>, 'prev_execution_date': <Proxy at 0x7ff2d0ded5a0 with factory <function TaskInstance.get_template_context.<locals>.deprecated_proxy.<locals>.deprecated_func at 0x7ff2d0de1ef0>>, 'prev_execution_date_success': <Proxy at 0x7ff2d0ded4b0 with factory <function TaskInstance.get_template_context.<locals>.deprecated_proxy.<locals>.deprecated_func at 0x7ff2d0de1170>>, 'prev_start_date_success': <Proxy at 0x7ff2d0db3820 with factory <function TaskInstance.get_template_context.<locals>.get_prev_start_date_success at 0x7ff2d0d71290>>, 'run_id': 'scheduled__2021-12-06T05:05:00+00:00', 'task': <Task(PythonOperator): save_to_database>, 'task_instance': <TaskInstance: Download_Stock_Price.save_to_database scheduled__2021-12-06T05:05:00+00:00 [running]>, 'task_instance_key_str': 'Download_Stock_Price__save_to_database__20211206', 'test_mode': False, 'ti': <TaskInstance: Download_Stock_Price.save_to_database scheduled__2021-12-06T05:05:00+00:00 [running]>, 'tomorrow_ds': <Proxy at 0x7ff2d0db3e60 with factory <function TaskInstance.get_template_context.<locals>.deprecated_proxy.<locals>.deprecated_func at 0x7ff2d0de1b90>>, 'tomorrow_ds_nodash': <Proxy at 0x7ff2d0df75a0 with factory <function TaskInstance.get_template_context.<locals>.deprecated_proxy.<locals>.deprecated_func at 0x7ff2d0de1d40>>, 'ts': '2021-12-06T05:05:00+00:00', 'ts_nodash': '20211206T050500', 'ts_nodash_with_tz': '20211206T050500+0000', 'var': {'json': None, 'value': None}, 'conn': <***.models.taskinstance.TaskInstance.get_template_context.<locals>.ConnectionAccessor object at 0x7ff2d0d761d0>, 'yesterday_ds': <Proxy at 0x7ff2d0ddc500 with factory <function TaskInstance.get_template_context.<locals>.deprecated_proxy.<locals>.deprecated_func at 0x7ff2d0de1dd0>>, 'yesterday_ds_nodash': <Proxy at 0x7ff2d0ddc5a0 with factory <function TaskInstance.get_template_context.<locals>.deprecated_proxy.<locals>.deprecated_func at 0x7ff2d0de1cb0>>, 'templates_dict': None}
[2021-12-07 05:05:07,264] {logging_mixin.py:109} INFO - received tickers: ['MSFT', 'GE']
[2021-12-07 05:05:07,280] {base.py:79} INFO - Using connection to: id: demodb. Host: postgres, Port: 5432, Schema: demodb, Login: ***, Password: ***, extra: {}
[2021-12-07 05:05:07,290] {logging_mixin.py:109} INFO - MSFT length=20   ['MSFT', '2021-11-09', '336.49437219439244', '338.1014479342122', '333.91909706274924', '335.3365173339844']
[2021-12-07 05:05:07,302] {logging_mixin.py:109} INFO - GE length=20   ['GE', '2021-11-09', '114.7300033569336', '116.16999816894531', '110.4800033569336', '111.29000091552734']
[2021-12-07 05:05:07,308] {logging_mixin.py:109} INFO - 20 record inserted.
[2021-12-07 05:05:07,309] {python.py:152} INFO - Done. Returned value was: None
[2021-12-07 05:05:07,320] {taskinstance.py:1280} INFO - Marking task as SUCCESS. dag_id=Download_Stock_Price, task_id=save_to_database, execution_date=20211206T050500, start_date=20211207T050507, end_date=20211207T050507
[2021-12-07 05:05:07,360] {local_task_job.py:154} INFO - Task exited with return code 0
[2021-12-07 05:05:07,401] {local_task_job.py:264} INFO - 0 downstream tasks scheduled from follow-on schedule check
