[2021-12-03 02:09:34,986] {taskinstance.py:1035} INFO - Dependencies all met for <TaskInstance: example_bash_operator.this_will_skip scheduled__2021-12-02T00:00:00+00:00 [queued]>
[2021-12-03 02:09:35,000] {taskinstance.py:1035} INFO - Dependencies all met for <TaskInstance: example_bash_operator.this_will_skip scheduled__2021-12-02T00:00:00+00:00 [queued]>
[2021-12-03 02:09:35,001] {taskinstance.py:1241} INFO - 
--------------------------------------------------------------------------------
[2021-12-03 02:09:35,001] {taskinstance.py:1242} INFO - Starting attempt 1 of 1
[2021-12-03 02:09:35,002] {taskinstance.py:1243} INFO - 
--------------------------------------------------------------------------------
[2021-12-03 02:09:35,019] {taskinstance.py:1262} INFO - Executing <Task(BashOperator): this_will_skip> on 2021-12-02 00:00:00+00:00
[2021-12-03 02:09:35,027] {standard_task_runner.py:52} INFO - Started process 617 to run task
[2021-12-03 02:09:35,034] {standard_task_runner.py:76} INFO - Running: ['***', 'tasks', 'run', 'example_bash_operator', 'this_will_skip', 'scheduled__2021-12-02T00:00:00+00:00', '--job-id', '3', '--raw', '--subdir', '/home/***/.local/lib/python3.7/site-packages/***/example_dags/example_bash_operator.py', '--cfg-path', '/tmp/tmp8_xsgntf', '--error-file', '/tmp/tmpm8q936l0']
[2021-12-03 02:09:35,036] {standard_task_runner.py:77} INFO - Job 3: Subtask this_will_skip
[2021-12-03 02:09:35,119] {logging_mixin.py:109} INFO - Running <TaskInstance: example_bash_operator.this_will_skip scheduled__2021-12-02T00:00:00+00:00 [running]> on host 693cc8a7dc51
[2021-12-03 02:09:35,201] {taskinstance.py:1429} INFO - Exporting the following env vars:
AIRFLOW_CTX_DAG_OWNER=***
AIRFLOW_CTX_DAG_ID=example_bash_operator
AIRFLOW_CTX_TASK_ID=this_will_skip
AIRFLOW_CTX_EXECUTION_DATE=2021-12-02T00:00:00+00:00
AIRFLOW_CTX_DAG_RUN_ID=scheduled__2021-12-02T00:00:00+00:00
[2021-12-03 02:09:35,205] {subprocess.py:62} INFO - Tmp dir root location: 
 /tmp
[2021-12-03 02:09:35,206] {subprocess.py:74} INFO - Running command: ['bash', '-c', 'echo "hello world"; exit 99;']
[2021-12-03 02:09:35,219] {subprocess.py:85} INFO - Output:
[2021-12-03 02:09:35,221] {subprocess.py:89} INFO - hello world
[2021-12-03 02:09:35,222] {subprocess.py:93} INFO - Command exited with return code 99
[2021-12-03 02:09:35,225] {taskinstance.py:1359} INFO - Bash command returned exit code 99. Skipping.
[2021-12-03 02:09:35,246] {taskinstance.py:1280} INFO - Marking task as SKIPPED. dag_id=example_bash_operator, task_id=this_will_skip, execution_date=20211202T000000, start_date=20211203T020934, end_date=20211203T020935
[2021-12-03 02:09:35,289] {local_task_job.py:154} INFO - Task exited with return code 0
[2021-12-03 02:09:35,344] {local_task_job.py:264} INFO - 0 downstream tasks scheduled from follow-on schedule check
