[2021-12-03 02:09:34,945] {taskinstance.py:1035} INFO - Dependencies all met for <TaskInstance: example_bash_operator.runme_2 scheduled__2021-12-02T00:00:00+00:00 [queued]>
[2021-12-03 02:09:34,959] {taskinstance.py:1035} INFO - Dependencies all met for <TaskInstance: example_bash_operator.runme_2 scheduled__2021-12-02T00:00:00+00:00 [queued]>
[2021-12-03 02:09:34,960] {taskinstance.py:1241} INFO - 
--------------------------------------------------------------------------------
[2021-12-03 02:09:34,961] {taskinstance.py:1242} INFO - Starting attempt 1 of 1
[2021-12-03 02:09:34,962] {taskinstance.py:1243} INFO - 
--------------------------------------------------------------------------------
[2021-12-03 02:09:34,978] {taskinstance.py:1262} INFO - Executing <Task(BashOperator): runme_2> on 2021-12-02 00:00:00+00:00
[2021-12-03 02:09:34,984] {standard_task_runner.py:52} INFO - Started process 616 to run task
[2021-12-03 02:09:34,988] {standard_task_runner.py:76} INFO - Running: ['***', 'tasks', 'run', 'example_bash_operator', 'runme_2', 'scheduled__2021-12-02T00:00:00+00:00', '--job-id', '5', '--raw', '--subdir', '/home/***/.local/lib/python3.7/site-packages/***/example_dags/example_bash_operator.py', '--cfg-path', '/tmp/tmp5ms1i2rv', '--error-file', '/tmp/tmpelk53j0o']
[2021-12-03 02:09:34,989] {standard_task_runner.py:77} INFO - Job 5: Subtask runme_2
[2021-12-03 02:09:35,062] {logging_mixin.py:109} INFO - Running <TaskInstance: example_bash_operator.runme_2 scheduled__2021-12-02T00:00:00+00:00 [running]> on host 693cc8a7dc51
[2021-12-03 02:09:35,158] {taskinstance.py:1429} INFO - Exporting the following env vars:
AIRFLOW_CTX_DAG_OWNER=***
AIRFLOW_CTX_DAG_ID=example_bash_operator
AIRFLOW_CTX_TASK_ID=runme_2
AIRFLOW_CTX_EXECUTION_DATE=2021-12-02T00:00:00+00:00
AIRFLOW_CTX_DAG_RUN_ID=scheduled__2021-12-02T00:00:00+00:00
[2021-12-03 02:09:35,161] {subprocess.py:62} INFO - Tmp dir root location: 
 /tmp
[2021-12-03 02:09:35,162] {subprocess.py:74} INFO - Running command: ['bash', '-c', 'echo "example_bash_operator__runme_2__20211202" && sleep 1']
[2021-12-03 02:09:35,178] {subprocess.py:85} INFO - Output:
[2021-12-03 02:09:35,181] {subprocess.py:89} INFO - example_bash_operator__runme_2__20211202
[2021-12-03 02:09:36,186] {subprocess.py:93} INFO - Command exited with return code 0
[2021-12-03 02:09:36,223] {taskinstance.py:1280} INFO - Marking task as SUCCESS. dag_id=example_bash_operator, task_id=runme_2, execution_date=20211202T000000, start_date=20211203T020934, end_date=20211203T020936
[2021-12-03 02:09:36,290] {local_task_job.py:154} INFO - Task exited with return code 0
[2021-12-03 02:09:36,363] {local_task_job.py:264} INFO - 0 downstream tasks scheduled from follow-on schedule check
