[2021-12-03 02:29:42,635] {taskinstance.py:1035} INFO - Dependencies all met for <TaskInstance: tutorial.templated scheduled__2021-12-02T02:29:24.901767+00:00 [queued]>
[2021-12-03 02:29:42,649] {taskinstance.py:1035} INFO - Dependencies all met for <TaskInstance: tutorial.templated scheduled__2021-12-02T02:29:24.901767+00:00 [queued]>
[2021-12-03 02:29:42,650] {taskinstance.py:1241} INFO - 
--------------------------------------------------------------------------------
[2021-12-03 02:29:42,650] {taskinstance.py:1242} INFO - Starting attempt 1 of 2
[2021-12-03 02:29:42,651] {taskinstance.py:1243} INFO - 
--------------------------------------------------------------------------------
[2021-12-03 02:29:42,665] {taskinstance.py:1262} INFO - Executing <Task(BashOperator): templated> on 2021-12-02 02:29:24.901767+00:00
[2021-12-03 02:29:42,671] {standard_task_runner.py:52} INFO - Started process 1426 to run task
[2021-12-03 02:29:42,679] {standard_task_runner.py:76} INFO - Running: ['***', 'tasks', 'run', 'tutorial', 'templated', 'scheduled__2021-12-02T02:29:24.901767+00:00', '--job-id', '12', '--raw', '--subdir', '/home/***/.local/lib/python3.7/site-packages/***/example_dags/tutorial.py', '--cfg-path', '/tmp/tmpbay3ilw3', '--error-file', '/tmp/tmpu7r57fsk']
[2021-12-03 02:29:42,680] {standard_task_runner.py:77} INFO - Job 12: Subtask templated
[2021-12-03 02:29:42,777] {logging_mixin.py:109} INFO - Running <TaskInstance: tutorial.templated scheduled__2021-12-02T02:29:24.901767+00:00 [running]> on host 693cc8a7dc51
[2021-12-03 02:29:42,858] {taskinstance.py:1429} INFO - Exporting the following env vars:
AIRFLOW_CTX_DAG_EMAIL=***@example.com
AIRFLOW_CTX_DAG_OWNER=***
AIRFLOW_CTX_DAG_ID=tutorial
AIRFLOW_CTX_TASK_ID=templated
AIRFLOW_CTX_EXECUTION_DATE=2021-12-02T02:29:24.901767+00:00
AIRFLOW_CTX_DAG_RUN_ID=scheduled__2021-12-02T02:29:24.901767+00:00
[2021-12-03 02:29:42,860] {subprocess.py:62} INFO - Tmp dir root location: 
 /tmp
[2021-12-03 02:29:42,861] {subprocess.py:74} INFO - Running command: ['bash', '-c', '\n\n    echo "2021-12-02"\n    echo "2021-12-09"\n    echo "Parameter I passed in"\n\n    echo "2021-12-02"\n    echo "2021-12-09"\n    echo "Parameter I passed in"\n\n    echo "2021-12-02"\n    echo "2021-12-09"\n    echo "Parameter I passed in"\n\n    echo "2021-12-02"\n    echo "2021-12-09"\n    echo "Parameter I passed in"\n\n    echo "2021-12-02"\n    echo "2021-12-09"\n    echo "Parameter I passed in"\n']
[2021-12-03 02:29:42,872] {subprocess.py:85} INFO - Output:
[2021-12-03 02:29:42,874] {subprocess.py:89} INFO - 2021-12-02
[2021-12-03 02:29:42,875] {subprocess.py:89} INFO - 2021-12-09
[2021-12-03 02:29:42,876] {subprocess.py:89} INFO - Parameter I passed in
[2021-12-03 02:29:42,877] {subprocess.py:89} INFO - 2021-12-02
[2021-12-03 02:29:42,878] {subprocess.py:89} INFO - 2021-12-09
[2021-12-03 02:29:42,878] {subprocess.py:89} INFO - Parameter I passed in
[2021-12-03 02:29:42,879] {subprocess.py:89} INFO - 2021-12-02
[2021-12-03 02:29:42,879] {subprocess.py:89} INFO - 2021-12-09
[2021-12-03 02:29:42,880] {subprocess.py:89} INFO - Parameter I passed in
[2021-12-03 02:29:42,881] {subprocess.py:89} INFO - 2021-12-02
[2021-12-03 02:29:42,881] {subprocess.py:89} INFO - 2021-12-09
[2021-12-03 02:29:42,882] {subprocess.py:89} INFO - Parameter I passed in
[2021-12-03 02:29:42,882] {subprocess.py:89} INFO - 2021-12-02
[2021-12-03 02:29:42,883] {subprocess.py:89} INFO - 2021-12-09
[2021-12-03 02:29:42,883] {subprocess.py:89} INFO - Parameter I passed in
[2021-12-03 02:29:42,884] {subprocess.py:93} INFO - Command exited with return code 0
[2021-12-03 02:29:42,913] {taskinstance.py:1280} INFO - Marking task as SUCCESS. dag_id=tutorial, task_id=templated, execution_date=20211202T022924, start_date=20211203T022942, end_date=20211203T022942
[2021-12-03 02:29:42,971] {local_task_job.py:154} INFO - Task exited with return code 0
[2021-12-03 02:29:43,016] {local_task_job.py:264} INFO - 0 downstream tasks scheduled from follow-on schedule check
