[2021-12-06 09:06:01,994] {taskinstance.py:1035} INFO - Dependencies all met for <TaskInstance: Download_Stock_Price.download_prices manual__2021-12-06T09:06:00.536637+00:00 [queued]>
[2021-12-06 09:06:02,007] {taskinstance.py:1035} INFO - Dependencies all met for <TaskInstance: Download_Stock_Price.download_prices manual__2021-12-06T09:06:00.536637+00:00 [queued]>
[2021-12-06 09:06:02,008] {taskinstance.py:1241} INFO - 
--------------------------------------------------------------------------------
[2021-12-06 09:06:02,009] {taskinstance.py:1242} INFO - Starting attempt 1 of 2
[2021-12-06 09:06:02,010] {taskinstance.py:1243} INFO - 
--------------------------------------------------------------------------------
[2021-12-06 09:06:02,036] {taskinstance.py:1262} INFO - Executing <Task(PythonOperator): download_prices> on 2021-12-06 09:06:00.536637+00:00
[2021-12-06 09:06:02,044] {standard_task_runner.py:52} INFO - Started process 3013 to run task
[2021-12-06 09:06:02,049] {standard_task_runner.py:76} INFO - Running: ['***', 'tasks', 'run', 'Download_Stock_Price', 'download_prices', 'manual__2021-12-06T09:06:00.536637+00:00', '--job-id', '40', '--raw', '--subdir', 'DAGS_FOLDER/download_stick_price.py', '--cfg-path', '/tmp/tmphtpm9hl6', '--error-file', '/tmp/tmpd0ae6rof']
[2021-12-06 09:06:02,050] {standard_task_runner.py:77} INFO - Job 40: Subtask download_prices
[2021-12-06 09:06:02,115] {logging_mixin.py:109} INFO - Running <TaskInstance: Download_Stock_Price.download_prices manual__2021-12-06T09:06:00.536637+00:00 [running]> on host 48b97d3f8617
[2021-12-06 09:06:02,184] {taskinstance.py:1429} INFO - Exporting the following env vars:
AIRFLOW_CTX_DAG_EMAIL=tlzmkm@gmail.com
AIRFLOW_CTX_DAG_OWNER=tl
AIRFLOW_CTX_DAG_ID=Download_Stock_Price
AIRFLOW_CTX_TASK_ID=download_prices
AIRFLOW_CTX_EXECUTION_DATE=2021-12-06T09:06:00.536637+00:00
AIRFLOW_CTX_DAG_RUN_ID=manual__2021-12-06T09:06:00.536637+00:00
[2021-12-06 09:06:06,348] {python.py:152} INFO - Done. Returned value was: ['MSFT', 'GE']
[2021-12-06 09:06:06,379] {taskinstance.py:1280} INFO - Marking task as SUCCESS. dag_id=Download_Stock_Price, task_id=download_prices, execution_date=20211206T090600, start_date=20211206T090601, end_date=20211206T090606
[2021-12-06 09:06:06,449] {local_task_job.py:154} INFO - Task exited with return code 0
[2021-12-06 09:06:06,499] {local_task_job.py:264} INFO - 1 downstream tasks scheduled from follow-on schedule check
