[2021-12-06 09:11:10,275] {taskinstance.py:1035} INFO - Dependencies all met for <TaskInstance: Download_Stock_Price.save_to_database manual__2021-12-06T09:11:02.778410+00:00 [queued]>
[2021-12-06 09:11:10,289] {taskinstance.py:1035} INFO - Dependencies all met for <TaskInstance: Download_Stock_Price.save_to_database manual__2021-12-06T09:11:02.778410+00:00 [queued]>
[2021-12-06 09:11:10,290] {taskinstance.py:1241} INFO - 
--------------------------------------------------------------------------------
[2021-12-06 09:11:10,291] {taskinstance.py:1242} INFO - Starting attempt 1 of 2
[2021-12-06 09:11:10,291] {taskinstance.py:1243} INFO - 
--------------------------------------------------------------------------------
[2021-12-06 09:11:10,314] {taskinstance.py:1262} INFO - Executing <Task(PythonOperator): save_to_database> on 2021-12-06 09:11:02.778410+00:00
[2021-12-06 09:11:10,320] {standard_task_runner.py:52} INFO - Started process 3214 to run task
[2021-12-06 09:11:10,324] {standard_task_runner.py:76} INFO - Running: ['***', 'tasks', 'run', 'Download_Stock_Price', 'save_to_database', 'manual__2021-12-06T09:11:02.778410+00:00', '--job-id', '44', '--raw', '--subdir', 'DAGS_FOLDER/download_stick_price.py', '--cfg-path', '/tmp/tmp33h4myv6', '--error-file', '/tmp/tmpka49qc1j']
[2021-12-06 09:11:10,326] {standard_task_runner.py:77} INFO - Job 44: Subtask save_to_database
[2021-12-06 09:11:10,385] {logging_mixin.py:109} INFO - Running <TaskInstance: Download_Stock_Price.save_to_database manual__2021-12-06T09:11:02.778410+00:00 [running]> on host 48b97d3f8617
[2021-12-06 09:11:10,444] {taskinstance.py:1429} INFO - Exporting the following env vars:
AIRFLOW_CTX_DAG_EMAIL=tlzmkm@gmail.com
AIRFLOW_CTX_DAG_OWNER=tl
AIRFLOW_CTX_DAG_ID=Download_Stock_Price
AIRFLOW_CTX_TASK_ID=save_to_database
AIRFLOW_CTX_EXECUTION_DATE=2021-12-06T09:11:02.778410+00:00
AIRFLOW_CTX_DAG_RUN_ID=manual__2021-12-06T09:11:02.778410+00:00
[2021-12-06 09:11:10,457] {logging_mixin.py:109} INFO - received tickers: ['MSFT', 'GE']
[2021-12-06 09:11:10,468] {base.py:79} INFO - Using connection to: id: demodb. Host: postgres, Port: 5432, Schema: demodb, Login: ***, Password: ***, extra: {}
[2021-12-06 09:11:10,617] {logging_mixin.py:109} INFO - MSFT length=9007   ['MSFT', '1986-03-14', '0.06137834941070945', '0.06466690297385626', '0.06137834941070945', '0.0635702982544899']
[2021-12-06 09:11:13,598] {logging_mixin.py:109} INFO - GE length=15085   ['GE', '1962-01-03', '1.0075939216738246', '1.0075939216738246', '0.9991267167298125', '1.0025136470794678']
[2021-12-06 09:11:19,171] {logging_mixin.py:109} INFO - 15085 record inserted.
[2021-12-06 09:11:19,175] {python.py:152} INFO - Done. Returned value was: None
[2021-12-06 09:11:19,188] {taskinstance.py:1280} INFO - Marking task as SUCCESS. dag_id=Download_Stock_Price, task_id=save_to_database, execution_date=20211206T091102, start_date=20211206T091110, end_date=20211206T091119
[2021-12-06 09:11:19,227] {local_task_job.py:154} INFO - Task exited with return code 0
[2021-12-06 09:11:19,260] {local_task_job.py:264} INFO - 0 downstream tasks scheduled from follow-on schedule check
