[2021-12-03 02:09:35,028] {taskinstance.py:1035} INFO - Dependencies all met for <TaskInstance: example_bash_operator.also_run_this scheduled__2021-12-02T00:00:00+00:00 [queued]>
[2021-12-03 02:09:35,042] {taskinstance.py:1035} INFO - Dependencies all met for <TaskInstance: example_bash_operator.also_run_this scheduled__2021-12-02T00:00:00+00:00 [queued]>
[2021-12-03 02:09:35,043] {taskinstance.py:1241} INFO - 
--------------------------------------------------------------------------------
[2021-12-03 02:09:35,045] {taskinstance.py:1242} INFO - Starting attempt 1 of 1
[2021-12-03 02:09:35,046] {taskinstance.py:1243} INFO - 
--------------------------------------------------------------------------------
[2021-12-03 02:09:35,069] {taskinstance.py:1262} INFO - Executing <Task(BashOperator): also_run_this> on 2021-12-02 00:00:00+00:00
[2021-12-03 02:09:35,073] {standard_task_runner.py:52} INFO - Started process 618 to run task
[2021-12-03 02:09:35,083] {standard_task_runner.py:76} INFO - Running: ['***', 'tasks', 'run', 'example_bash_operator', 'also_run_this', 'scheduled__2021-12-02T00:00:00+00:00', '--job-id', '4', '--raw', '--subdir', '/home/***/.local/lib/python3.7/site-packages/***/example_dags/example_bash_operator.py', '--cfg-path', '/tmp/tmpirvobjrf', '--error-file', '/tmp/tmpy5d4fedo']
[2021-12-03 02:09:35,084] {standard_task_runner.py:77} INFO - Job 4: Subtask also_run_this
[2021-12-03 02:09:35,183] {logging_mixin.py:109} INFO - Running <TaskInstance: example_bash_operator.also_run_this scheduled__2021-12-02T00:00:00+00:00 [running]> on host 693cc8a7dc51
[2021-12-03 02:09:35,254] {taskinstance.py:1429} INFO - Exporting the following env vars:
AIRFLOW_CTX_DAG_OWNER=***
AIRFLOW_CTX_DAG_ID=example_bash_operator
AIRFLOW_CTX_TASK_ID=also_run_this
AIRFLOW_CTX_EXECUTION_DATE=2021-12-02T00:00:00+00:00
AIRFLOW_CTX_DAG_RUN_ID=scheduled__2021-12-02T00:00:00+00:00
[2021-12-03 02:09:35,256] {subprocess.py:62} INFO - Tmp dir root location: 
 /tmp
[2021-12-03 02:09:35,257] {subprocess.py:74} INFO - Running command: ['bash', '-c', 'echo "run_id=scheduled__2021-12-02T00:00:00+00:00 | dag_run=<DagRun example_bash_operator @ 2021-12-02 00:00:00+00:00: scheduled__2021-12-02T00:00:00+00:00, externally triggered: False>"']
[2021-12-03 02:09:35,269] {subprocess.py:85} INFO - Output:
[2021-12-03 02:09:35,271] {subprocess.py:89} INFO - run_id=scheduled__2021-12-02T00:00:00+00:00 | dag_run=<DagRun example_bash_operator @ 2021-12-02 00:00:00+00:00: scheduled__2021-12-02T00:00:00+00:00, externally triggered: False>
[2021-12-03 02:09:35,272] {subprocess.py:93} INFO - Command exited with return code 0
[2021-12-03 02:09:35,307] {taskinstance.py:1280} INFO - Marking task as SUCCESS. dag_id=example_bash_operator, task_id=also_run_this, execution_date=20211202T000000, start_date=20211203T020935, end_date=20211203T020935
[2021-12-03 02:09:35,337] {local_task_job.py:154} INFO - Task exited with return code 0
[2021-12-03 02:09:35,378] {local_task_job.py:264} INFO - 0 downstream tasks scheduled from follow-on schedule check
